Arguments: 
  /home/toma/.nvm/versions/node/v8.8.0/bin/node /home/toma/.yarn/bin/yarn.js install

PATH: 
  /home/toma/.yarn/bin:/home/toma/.yarn/bin:/home/toma/.nvm/versions/node/v8.8.0/bin:/usr/local/sbin:/usr/local/bin:/usr/sbin:/usr/bin:/sbin:/bin:/usr/games:/usr/local/games:/snap/bin

Yarn version: 
  1.3.2

Node version: 
  8.8.0

Platform: 
  linux x64

npm manifest: 
  "dependencies": {
  	"underscore": "*"
   }

yarn manifest: 
  No manifest

Lockfile: 
  No lockfile

Trace: 
  SyntaxError: /opt/lampp/htdocs/filtering/package.json: Unexpected token : in JSON at position 14
      at JSON.parse (<anonymous>)
      at /home/toma/.yarn/lib/cli.js:770:59
      at Generator.next (<anonymous>)
      at step (/home/toma/.yarn/lib/cli.js:92:30)
      at /home/toma/.yarn/lib/cli.js:103:13
      at <anonymous>
